2025-04-10 18:06:19,496 - INFO - Loading training data...
2025-04-10 18:06:19,496 - INFO - Preparing training data...
2025-04-10 18:06:19,500 - INFO - Encoding labels...
2025-04-10 18:06:19,500 - INFO - Splitting data into train and validation sets...
2025-04-10 18:06:19,501 - INFO - Building and training the model...
2025-04-10 18:06:25,536 - INFO - Saving the trained model...
2025-04-10 18:06:25,561 - INFO - Training completed successfully!
2025-04-10 18:20:23,094 - INFO - Chatbot initialized successfully
2025-04-10 18:21:05,136 - INFO - Loading training data...
2025-04-10 18:21:05,137 - INFO - Preparing training data...
2025-04-10 18:21:05,141 - INFO - Encoding labels...
2025-04-10 18:21:05,142 - INFO - Splitting data into train and validation sets...
2025-04-10 18:21:05,143 - INFO - Building and training the model...
2025-04-10 18:21:19,280 - INFO - Saving the trained model...
2025-04-10 18:21:19,506 - INFO - Training completed successfully!
2025-04-10 18:21:51,568 - INFO - Chatbot initialized successfully
2025-04-10 18:22:36,644 - INFO - Loading training data...
2025-04-10 18:22:36,644 - INFO - Preparing training data...
2025-04-10 18:22:36,648 - INFO - Encoding labels...
2025-04-10 18:22:36,649 - INFO - Splitting data into train and validation sets...
2025-04-10 18:22:36,650 - INFO - Building and training the model...
2025-04-10 18:22:42,586 - INFO - Saving the trained model...
2025-04-10 18:22:42,617 - INFO - Training completed successfully!
2025-04-10 18:23:11,115 - INFO - Chatbot initialized successfully
2025-04-10 18:24:36,161 - INFO - Loading training data...
2025-04-10 18:24:36,161 - INFO - Preparing training data...
2025-04-10 18:24:36,165 - INFO - Encoding labels...
2025-04-10 18:24:36,166 - INFO - Splitting data into train and validation sets...
2025-04-10 18:24:36,166 - INFO - Building and training the model...
2025-04-10 18:24:42,751 - INFO - Saving the trained model...
2025-04-10 18:24:42,780 - INFO - Training completed successfully!
2025-04-10 18:25:49,088 - INFO - Chatbot initialized successfully
2025-04-10 18:27:15,775 - INFO - Loading training data...
2025-04-10 18:27:15,775 - INFO - Preparing training data...
2025-04-10 18:27:15,779 - INFO - Encoding labels...
2025-04-10 18:27:15,779 - INFO - Splitting data into train and validation sets...
2025-04-10 18:27:15,780 - INFO - Building and training the model...
2025-04-10 18:27:21,895 - INFO - Saving the trained model...
2025-04-10 18:27:21,931 - INFO - Training completed successfully!
2025-04-10 18:27:53,577 - INFO - Chatbot initialized successfully
