2025-04-10 19:34:09,878 - ERROR - Error initializing chatbot: [Errno 2] Unable to synchronously open file (unable to open file: name = 'data/models/chatbot_model.h5', errno = 2, error message = 'No such file or directory', flags = 0, o_flags = 0)
2025-04-10 19:35:14,849 - INFO - Loading training data...
2025-04-10 19:35:14,849 - ERROR - Training data file not found at data/training/intents.json
2025-04-10 19:35:14,849 - ERROR - Error during training: [Errno 2] No such file or directory: 'data/training/intents.json'
2025-04-10 19:36:40,379 - INFO - Loading training data...
2025-04-10 19:36:40,379 - INFO - Preparing training data...
2025-04-10 19:36:40,382 - INFO - Encoding labels...
2025-04-10 19:36:40,383 - INFO - Splitting data into train and validation sets...
2025-04-10 19:36:40,384 - INFO - Building and training the model...
2025-04-10 19:36:45,790 - INFO - Saving the trained model...
2025-04-10 19:36:45,816 - INFO - Training completed successfully!
2025-04-10 19:40:20,895 - INFO - Chatbot initialized successfully
2025-04-10 19:40:25,932 - INFO - Chatbot initialized successfully
2025-04-10 19:54:43,118 - INFO - Loading training data...
2025-04-10 19:54:43,119 - INFO - Preparing training data...
2025-04-10 19:54:43,123 - INFO - Encoding labels...
2025-04-10 19:54:43,124 - INFO - Splitting data into train and validation sets...
2025-04-10 19:54:43,125 - INFO - Building and training the model...
2025-04-10 19:54:50,161 - INFO - Saving the trained model...
2025-04-10 19:54:50,189 - INFO - Training completed successfully!
2025-04-10 19:55:19,784 - INFO - Chatbot initialized successfully
2025-04-10 19:55:38,449 - INFO - Chatbot initialized successfully
2025-04-10 20:00:36,016 - INFO - Loading training data...
2025-04-10 20:00:36,016 - INFO - Preparing training data...
2025-04-10 20:00:36,081 - INFO - Encoding labels...
2025-04-10 20:00:36,082 - INFO - Splitting data into train and validation sets...
2025-04-10 20:00:36,083 - INFO - Building and training the model...
2025-04-10 20:00:43,899 - INFO - Saving the trained model...
2025-04-10 20:00:43,939 - INFO - Training completed successfully!
2025-04-10 20:01:13,019 - INFO - Chatbot initialized successfully
2025-04-10 20:01:17,554 - INFO - Chatbot initialized successfully
2025-04-10 20:05:49,551 - INFO - Loading training data...
2025-04-10 20:05:49,551 - INFO - Preparing training data...
2025-04-10 20:05:49,608 - INFO - Encoding labels...
2025-04-10 20:05:49,609 - INFO - Splitting data into train and validation sets...
2025-04-10 20:05:49,611 - INFO - Building and training the model...
2025-04-10 20:05:56,805 - INFO - Saving the trained model...
2025-04-10 20:05:56,849 - INFO - Training completed successfully!
2025-04-10 20:06:23,185 - INFO - Chatbot initialized successfully
2025-04-10 20:06:27,927 - INFO - Chatbot initialized successfully
